////////////////////////////////////////////////////////////////////////////////////////////////////////////////////////////
For /home/arudenko/francinette/tests/printf/printfTester/tests/d_test.cpp:
47: 	TEST(23, print(" %d ", INT_MIN));
53: 	TEST(29, print(" %d %d %d %d %d %d %d", INT_MAX, INT_MIN, LONG_MAX, LONG_MIN, ULONG_MAX, 0, -42));

For /home/arudenko/francinette/tests/printf/printfTester/tests/i_test.cpp:
47: 	TEST(23, print(" %i ", INT_MIN));
53: 	TEST(29, print(" %i %i %i %i %i %i %i", INT_MAX, INT_MIN, LONG_MAX, LONG_MIN, ULONG_MAX, 0, -42));

For /home/arudenko/francinette/tests/printf/printfTester/tests/minus_test.cpp:
53: 	TEST(27, print(" %-11p %-12p ", INT_MIN, INT_MAX));
54: 	TEST(28, print(" %-13p %-14p ", ULONG_MAX, -ULONG_MAX));
79: 	TEST(52, print(" %-10d ", INT_MIN));
85: 	TEST(58, print(" %-9d %-10d %-11d %-12d %-13d %-14d %-15d", INT_MAX, INT_MIN, LONG_MAX, LONG_MIN, ULONG_MAX, 0, -42));
110: 	TEST(81, print(" %-11i ", LONG_MAX));
117: 	TEST(87, print(" %-1u ", 0));

For /home/arudenko/francinette/tests/printf/printfTester/tests/0_test.cpp:
39: 	TEST(15, print(" %04d ", -14));
40: 	TEST(16, print(" %05d ", -15));
41: 	TEST(17, print(" %06d ", -16));
46: 	TEST(22, print(" %010d ", INT_MIN));
47: 	TEST(23, print(" %011d ", LONG_MAX));
49: 	TEST(25, print(" %013d ", UINT_MAX));
50: 	TEST(26, print(" %014d ", ULONG_MAX));
51: 	TEST(27, print(" %015d ", 9223372036854775807LL));
52: 	TEST(28, print(" %09d %010d %011d %012d %013d %014d %015d", INT_MAX, INT_MIN, LONG_MAX, LONG_MIN, ULONG_MAX, 0, -42));
70: 	TEST(44, print(" %05i ", -15));
71: 	TEST(45, print(" %06i ", -16));
72: 	TEST(46, print(" %01i ", -99));
77: 	TEST(51, print(" %011i ", LONG_MAX));
78: 	TEST(52, print(" %012i ", LONG_MIN));
80: 	TEST(54, print(" %014i ", ULONG_MAX));
81: 	TEST(55, print(" %015i ", 9223372036854775807LL));
82: 	TEST(56, print(" %09i %010i %011i %012i %013i %014i %015i", INT_MAX, INT_MIN, LONG_MAX, LONG_MIN, ULONG_MAX, 0, -42));
84: 	TEST(57, print(" %01u ", 0));

For /home/arudenko/francinette/tests/printf/printfTester/tests/dot_test.cpp:
36: 	TEST(11, print(" %.2d ", -1));
44: 	TEST(19, print(" %.1d ", 99));
45: 	TEST(20, print(" %.2d ", 100));
47: 	TEST(22, print(" %.1d ", -9));
48: 	TEST(23, print(" %.2d ", -10));
49: 	TEST(24, print(" %.3d ", -11));
50: 	TEST(25, print(" %.4d ", -14));
51: 	TEST(26, print(" %.1d ", -15));
52: 	TEST(27, print(" %.2d ", -16));
53: 	TEST(28, print(" %.3d ", -99));
54: 	TEST(29, print(" %.3d ", -100));
55: 	TEST(30, print(" %.4d ", -101));
56: 	TEST(31, print(" %.8d ", INT_MAX));
57: 	TEST(32, print(" %.9d ", INT_MIN));
58: 	TEST(33, print(" %.10d ", LONG_MAX));
60: 	TEST(35, print(" %.12d ", UINT_MAX));
61: 	TEST(36, print(" %.13d ", ULONG_MAX));
62: 	TEST(37, print(" %.14d ", 9223372036854775807LL));
63: 	TEST(38, print(" %.8d %.9d %.10d %.11d %.12d %.13d %.14d", INT_MAX, INT_MIN, LONG_MAX, LONG_MIN, ULONG_MAX, 0, -42));
66: 	TEST(40, print(" %.2i ", -1));
74: 	TEST(48, print(" %.1i ", 99));
75: 	TEST(49, print(" %.2i ", 100));
77: 	TEST(51, print(" %.1i ", -9));
78: 	TEST(52, print(" %.2i ", -10));
79: 	TEST(53, print(" %.3i ", -11));
80: 	TEST(54, print(" %.4i ", -14));
81: 	TEST(55, print(" %.1i ", -15));
82: 	TEST(56, print(" %.2i ", -16));
83: 	TEST(57, print(" %.3i ", -99));
84: 	TEST(58, print(" %.3i ", -100));
85: 	TEST(59, print(" %.4i ", -101));
86: 	TEST(60, print(" %.8i ", INT_MAX));
87: 	TEST(61, print(" %.9i ", INT_MIN));
88: 	TEST(62, print(" %.10i ", LONG_MAX));
90: 	TEST(64, print(" %.12i ", UINT_MAX));
91: 	TEST(65, print(" %.13i ", ULONG_MAX));
92: 	TEST(66, print(" %.14i ", 9223372036854775807LL));
93: 	TEST(67, print(" %.8i %.9i %.10i %.11i %.12i %.13i %.14i", INT_MAX, INT_MIN, LONG_MAX, LONG_MIN, ULONG_MAX, 0, -42));
96: 	TEST(69, print(" %.2u ", -1));
104: 	TEST(77, print(" %.1u ", 99));
105: 	TEST(78, print(" %.2u ", 100));
107: 	TEST(80, print(" %.1u ", -9));
108: 	TEST(81, print(" %.2u ", -10));
109: 	TEST(82, print(" %.3u ", -11));
110: 	TEST(83, print(" %.4u ", -14));
111: 	TEST(84, print(" %.1u ", -15));
112: 	TEST(85, print(" %.2u ", -16));
113: 	TEST(86, print(" %.3u ", -99));
114: 	TEST(87, print(" %.3u ", -100));
115: 	TEST(88, print(" %.4u ", -101));
116: 	TEST(89, print(" %.8u ", INT_MAX));
117: 	TEST(90, print(" %.9u ", INT_MIN));
123: 	TEST(96, print(" %.8u %.9u %.10u %.11u %.12u %.13u %.14u", INT_MAX, INT_MIN, LONG_MAX, LONG_MIN, ULONG_MAX, 0, -42));
126: 	TEST(98, print(" %.2x ", -1));
134: 	TEST(106, print(" %.1x ", 99));
137: 	TEST(109, print(" %.1x ", -9));
138: 	TEST(110, print(" %.2x ", -10));
139: 	TEST(111, print(" %.3x ", -11));
140: 	TEST(112, print(" %.4x ", -14));
141: 	TEST(113, print(" %.1x ", -15));
142: 	TEST(114, print(" %.2x ", -16));
143: 	TEST(115, print(" %.3x ", -99));
144: 	TEST(116, print(" %.3x ", -100));
145: 	TEST(117, print(" %.4x ", -101));
156: 	TEST(127, print(" %.2X ", -1));
164: 	TEST(135, print(" %.1X ", 99));
167: 	TEST(138, print(" %.1X ", -9));
168: 	TEST(139, print(" %.2X ", -10));
169: 	TEST(140, print(" %.3X ", -11));
170: 	TEST(141, print(" %.4X ", -14));
171: 	TEST(142, print(" %.1X ", -15));
172: 	TEST(143, print(" %.2X ", -16));
173: 	TEST(144, print(" %.3X ", -99));
174: 	TEST(145, print(" %.3X ", -100));
175: 	TEST(146, print(" %.4X ", -101));

For /home/arudenko/francinette/tests/printf/printfTester/tests/space_test.cpp:
57: 	TEST(32, print(" % d ", INT_MIN));
63: 	TEST(38, print(" % d % d % d % d % d % d % d", INT_MAX, INT_MIN, LONG_MAX, LONG_MIN, ULONG_MAX, 0, -42));
87: 	TEST(61, print(" % i ", INT_MIN));
93: 	TEST(67, print(" % i % i % i % i % i % i % i", INT_MAX, INT_MIN, LONG_MAX, LONG_MIN, ULONG_MAX, 0, -42));

For /home/arudenko/francinette/tests/printf/printfTester/tests/+_test.cpp:
46: 	TEST(22, print(" %+d ", INT_MIN));
52: 	TEST(28, print(" %+d %+d %+d %+d %+d %+d %+d", INT_MAX, INT_MIN, LONG_MAX, LONG_MIN, ULONG_MAX, 0, -42));
77: 	TEST(51, print(" %+i ", LONG_MAX));
